Arguments: 
  /Users/carsonaberle/.nvm/versions/node/v16.4.1/bin/node /Users/carsonaberle/.nvm/versions/node/v16.4.1/bin/yarn deploy

PATH: 
  /Users/carsonaberle/.amplify/bin:/Users/carsonaberle/Library/Android/sdk/emulator:/Users/carsonaberle/Library/Android/sdk/tools:/Users/carsonaberle/.pyenv/shims:/Users/carsonaberle/google-cloud-sdk/bin:/Users/carsonaberle/.nvm/versions/node/v16.4.1/bin:/usr/local/bin:/usr/bin:/bin:/usr/sbin:/sbin:/Library/Apple/usr/bin

Yarn version: 
  1.22.19

Node version: 
  16.4.1

Platform: 
  darwin x64

Trace: 
  SyntaxError: /Users/carsonaberle/Development/Element/sei/@sei-js/js-core/package.json: Unexpected token } in JSON at position 540
      at JSON.parse (<anonymous>)
      at /Users/carsonaberle/.nvm/versions/node/v16.4.1/lib/node_modules/yarn/lib/cli.js:1629:59
      at Generator.next (<anonymous>)
      at step (/Users/carsonaberle/.nvm/versions/node/v16.4.1/lib/node_modules/yarn/lib/cli.js:310:30)
      at /Users/carsonaberle/.nvm/versions/node/v16.4.1/lib/node_modules/yarn/lib/cli.js:321:13

npm manifest: 
  {
    "name": "@sei-js/core",
    "version": "1.0.2",
    "description": "A javascript library for Sei.",
    "main": "./lib/index.js",
    "types": "./lib/index.d.ts",
    "scripts": {
      "deploy": "npm publish --access public",
      "predeploy": "tsc"
    },
    "keywords": [
      "sei",
      "javascript",
      "typescript"
    ],
    "repository": "git@github.com:sei-protocol/js-core.git",
    "author": "Carson Aberle",
    "license": "MIT",
    "private": false,
    "files": [
      "lib/*"
    ],
    "exports": {
      ".": "./lib",
      "./wallet": "./lib/wallet/",
    }
  }

yarn manifest: 
  No manifest

Lockfile: 
  No lockfile
